/*C1*/SET SCHEMA SYSTEM_LOBS
INSERT INTO BLOCKS VALUES(0,2147483647,0)
COMMIT
/*C10*/SET SCHEMA PUBLIC
create table product (id bigint generated by default as identity (start with 1), assinatura varchar(255), cod_barras varchar(255), data_recebimento varchar(255), descricao varchar(255), local varchar(255), quantidade integer not null, recebedor varchar(255), remetente varchar(255), primary key (id))
/*C11*/SET SCHEMA PUBLIC
INSERT INTO PRODUCT VALUES(1,'d','G','f','c','e',1,'b','a')
COMMIT
INSERT INTO PRODUCT VALUES(2,'diolsdhsjkldhsod\u00e7ihsdjklasdasd','dasdmlasbndjasnddkl\u00e7naslmlnad878934789037238040','11/11/2019','Playstation 4','S\u00e3o Jo\u00e3o da Boa Vista  - SP',2,'Nina Flor','Wendreo Luciano Fernandes')
COMMIT
DELETE FROM PRODUCT WHERE ID=1
COMMIT
DISCONNECT
/*C10*/DISCONNECT
/*C9*/SET SCHEMA PUBLIC
DISCONNECT
/*C8*/SET SCHEMA PUBLIC
DISCONNECT
/*C7*/SET SCHEMA PUBLIC
DISCONNECT
/*C6*/SET SCHEMA PUBLIC
DISCONNECT
/*C5*/SET SCHEMA PUBLIC
DISCONNECT
/*C4*/SET SCHEMA PUBLIC
DISCONNECT
/*C3*/SET SCHEMA PUBLIC
DISCONNECT
/*C2*/SET SCHEMA PUBLIC
DISCONNECT
